2025-05-10 13:31:00,301 [main] INFO morning24_Coverfox - Welcome to coverfox testing
2025-05-10 13:31:15,553 [main] WARN morning24_Coverfox - Launching browser
2025-05-10 13:31:20,721 [main] INFO morning24_Coverfox - Clicking on gender
2025-05-10 13:31:21,423 [main] INFO morning24_Coverfox - Click on next button
2025-05-10 13:31:24,297 [main] INFO morning24_Coverfox - chandles age drop down
2025-05-10 13:31:24,427 [main] INFO morning24_Coverfox - Click on next button in membersdetails page
2025-05-10 13:31:24,911 [main] INFO morning24_Coverfox - enter pincode
2025-05-10 13:31:25,033 [main] INFO morning24_Coverfox - enter mobile no
2025-05-10 13:31:25,152 [main] INFO morning24_Coverfox - click on nextbutton in address details page
2025-05-10 13:32:48,794 [main] INFO morning24_Coverfox - Welcome to coverfox testing
2025-05-10 13:33:01,469 [main] WARN morning24_Coverfox - Launching browser
2025-05-10 13:33:07,965 [main] INFO morning24_Coverfox - Clicking on gender
2025-05-10 13:33:08,109 [main] INFO morning24_Coverfox - Click on next button
2025-05-10 13:33:10,423 [main] INFO morning24_Coverfox - chandles age drop down
2025-05-10 13:33:10,534 [main] INFO morning24_Coverfox - Click on next button in membersdetails page
2025-05-10 13:33:11,032 [main] INFO morning24_Coverfox - enter pincode
2025-05-10 13:33:11,162 [main] INFO morning24_Coverfox - enter mobile no
2025-05-10 13:33:11,323 [main] INFO morning24_Coverfox - click on nextbutton in address details page
2025-05-10 13:33:44,343 [main] INFO morning24_Coverfox - Welcome to coverfox testing
2025-05-10 13:33:51,012 [main] WARN morning24_Coverfox - Launching browser
2025-05-10 13:33:52,996 [main] INFO morning24_Coverfox - Clicking on gender
2025-05-10 13:33:53,087 [main] INFO morning24_Coverfox - Click on next button
2025-05-10 13:33:54,757 [main] INFO morning24_Coverfox - chandles age drop down
2025-05-10 13:33:54,856 [main] INFO morning24_Coverfox - Click on next button in membersdetails page
2025-05-10 13:33:55,572 [main] INFO morning24_Coverfox - enter pincode
2025-05-10 13:33:55,742 [main] INFO morning24_Coverfox - enter mobile no
2025-05-10 13:33:55,857 [main] INFO morning24_Coverfox - click on nextbutton in address details page
2025-05-10 13:34:24,603 [main] INFO morning24_Coverfox - Welcome to coverfox testing
2025-05-10 13:34:33,542 [main] WARN morning24_Coverfox - Launching browser
2025-05-10 13:34:36,603 [main] INFO morning24_Coverfox - Clicking on gender
2025-05-10 13:34:36,725 [main] INFO morning24_Coverfox - Click on next button
2025-05-10 13:34:38,422 [main] INFO morning24_Coverfox - chandles age drop down
2025-05-10 13:34:39,017 [main] INFO morning24_Coverfox - Click on next button in membersdetails page
2025-05-10 13:34:39,811 [main] INFO morning24_Coverfox - enter pincode
2025-05-10 13:34:39,968 [main] INFO morning24_Coverfox - enter mobile no
2025-05-10 13:34:40,081 [main] INFO morning24_Coverfox - click on nextbutton in address details page
2025-05-10 13:50:37,341 [main] INFO morning24_Coverfox - Welcome to coverfox testing
2025-05-10 13:53:36,915 [main] INFO morning24_Coverfox - Welcome to coverfox testing
2025-05-10 13:54:11,906 [main] INFO morning24_Coverfox - Welcome to coverfox testing
2025-05-10 13:54:20,426 [main] WARN morning24_Coverfox - Launching browser
2025-05-10 13:54:22,477 [main] INFO morning24_Coverfox - Clicking on gender
2025-05-10 13:54:22,926 [main] INFO morning24_Coverfox - Click on next button
2025-05-10 13:54:26,975 [main] INFO morning24_Coverfox - handles age drop down
2025-05-10 13:54:27,223 [main] INFO morning24_Coverfox - Click on next button in membersdetails page
2025-05-10 13:54:27,894 [main] INFO morning24_Coverfox - enter pincode
2025-05-10 13:54:28,070 [main] INFO morning24_Coverfox - enter mobile no
2025-05-10 13:54:28,208 [main] INFO morning24_Coverfox - click on nextbutton in address details page
2025-05-10 14:42:05,062 [main] INFO morning24_Coverfox - Welcome to coverfox testing
2025-05-10 14:49:45,657 [main] INFO morning24_Coverfox - Welcome to coverfox testing
2025-05-10 14:51:32,823 [main] INFO morning24_Coverfox - Welcome to coverfox testing
2025-05-10 14:55:18,699 [main] INFO morning24_Coverfox - Welcome to coverfox testing
2025-05-10 15:03:11,993 [main] INFO morning24_Coverfox - Welcome to coverfox testing
2025-05-10 15:07:42,736 [main] INFO morning24_Coverfox - Welcome to coverfox testing
2025-05-10 15:07:57,953 [main] INFO morning24_Coverfox - opening browser,laiunching url
2025-05-10 15:08:27,487 [main] INFO morning24_Coverfox - Welcome to coverfox testing
2025-05-10 15:08:43,121 [main] INFO morning24_Coverfox - opening browser,laiunching url
2025-05-10 15:08:43,136 [main] WARN morning24_Coverfox - Launching browser
2025-05-10 15:08:45,209 [main] INFO morning24_Coverfox - Clicking on gender
2025-05-10 15:08:46,760 [main] INFO morning24_Coverfox - Click on next button
2025-05-10 15:08:49,189 [main] INFO morning24_Coverfox - handles age drop down
2025-05-10 15:08:49,411 [main] INFO morning24_Coverfox - Click on next button in membersdetails page
2025-05-10 15:08:50,267 [main] INFO morning24_Coverfox - enter pincode
2025-05-10 15:08:50,515 [main] INFO morning24_Coverfox - enter mobile no
2025-05-10 15:08:50,744 [main] INFO morning24_Coverfox - click on nextbutton in address details page
2025-05-10 15:08:54,890 [main] INFO morning24_Coverfox - plan number are matching TC is passed 
2025-05-10 15:08:55,139 [main] INFO morning24_Coverfox - Closing the browser
2025-05-15 19:22:36,816 [main] INFO morning24_Coverfox - Welcome to coverfox testing
2025-05-15 19:22:55,310 [main] INFO morning24_Coverfox - opening browser,laiunching url
2025-05-15 19:22:55,315 [main] WARN morning24_Coverfox - Launching browser
2025-05-15 19:22:59,269 [main] INFO morning24_Coverfox - Clicking on gender
2025-05-15 19:22:59,488 [main] INFO morning24_Coverfox - Click on next button
2025-05-15 19:23:00,867 [main] INFO morning24_Coverfox - handles age drop down
2025-05-15 19:23:00,971 [main] INFO morning24_Coverfox - Click on next button in membersdetails page
2025-05-15 19:23:01,493 [main] INFO morning24_Coverfox - enter pincode
2025-05-15 19:23:01,621 [main] INFO morning24_Coverfox - enter mobile no
2025-05-15 19:23:01,774 [main] INFO morning24_Coverfox - click on nextbutton in address details page
2025-05-15 19:23:05,879 [main] INFO morning24_Coverfox - plan number are matching TC is passed 
2025-05-15 19:23:06,052 [main] INFO morning24_Coverfox - Closing the browser
2025-05-15 19:23:25,587 [main] INFO morning24_Coverfox - Welcome to coverfox testing
2025-05-15 19:23:31,983 [main] INFO morning24_Coverfox - opening browser,laiunching url
2025-05-15 19:23:31,990 [main] WARN morning24_Coverfox - Launching browser
2025-05-15 19:23:38,965 [main] INFO morning24_Coverfox - Clicking on gender
2025-05-15 19:23:39,150 [main] INFO morning24_Coverfox - Click on next button
2025-05-15 19:23:40,417 [main] INFO morning24_Coverfox - handles age drop down
2025-05-15 19:23:40,507 [main] INFO morning24_Coverfox - Click on next button in membersdetails page
2025-05-15 19:23:41,023 [main] INFO morning24_Coverfox - enter pincode
2025-05-15 19:23:41,170 [main] INFO morning24_Coverfox - enter mobile no
2025-05-15 19:23:41,343 [main] INFO morning24_Coverfox - click on nextbutton in address details page
2025-05-15 19:23:45,426 [main] INFO morning24_Coverfox - plan number are matching TC is passed 
2025-05-15 19:23:45,618 [main] INFO morning24_Coverfox - Closing the browser
2025-05-15 19:45:44,882 [main] INFO morning24_Coverfox - Welcome to coverfox testing
2025-05-15 19:45:57,130 [main] INFO morning24_Coverfox - opening browser,laiunching url
2025-05-15 19:45:57,142 [main] WARN morning24_Coverfox - Launching browser
2025-05-15 19:45:58,614 [main] INFO morning24_Coverfox - Clicking on gender
2025-05-15 19:45:59,055 [main] INFO morning24_Coverfox - Click on next button
2025-05-15 19:46:01,831 [main] INFO morning24_Coverfox - handles age drop down
2025-05-15 19:46:01,975 [main] INFO morning24_Coverfox - Click on next button in membersdetails page
2025-05-15 19:46:03,109 [main] INFO morning24_Coverfox - enter pincode
2025-05-15 19:46:03,346 [main] INFO morning24_Coverfox - enter mobile no
2025-05-15 19:46:03,502 [main] INFO morning24_Coverfox - click on nextbutton in address details page
2025-05-15 19:46:07,596 [main] INFO morning24_Coverfox - plan number are matching TC is passed 
2025-05-15 19:46:08,315 [main] INFO morning24_Coverfox - Closing the browser
2025-05-15 19:47:11,389 [main] INFO morning24_Coverfox - Welcome to coverfox testing
2025-05-15 19:47:20,756 [main] INFO morning24_Coverfox - opening browser,laiunching url
2025-05-15 19:47:20,767 [main] WARN morning24_Coverfox - Launching browser
2025-05-15 19:47:22,170 [main] INFO morning24_Coverfox - Clicking on gender
2025-05-15 19:47:22,480 [main] INFO morning24_Coverfox - Click on next button
2025-05-15 19:47:25,373 [main] INFO morning24_Coverfox - handles age drop down
2025-05-15 19:47:25,575 [main] INFO morning24_Coverfox - Click on next button in membersdetails page
2025-05-15 19:47:26,402 [main] INFO morning24_Coverfox - enter pincode
2025-05-15 19:47:26,587 [main] INFO morning24_Coverfox - enter mobile no
2025-05-15 19:47:27,327 [main] INFO morning24_Coverfox - click on nextbutton in address details page
2025-05-15 19:47:31,481 [main] INFO morning24_Coverfox - plan number are matching TC is passed 
2025-05-15 19:47:31,685 [main] INFO morning24_Coverfox - Closing the browser
2025-05-15 19:48:30,565 [main] INFO morning24_Coverfox - Welcome to coverfox testing
2025-05-15 19:48:40,798 [main] INFO morning24_Coverfox - opening browser,laiunching url
2025-05-15 19:48:40,807 [main] WARN morning24_Coverfox - Launching browser
2025-05-15 19:48:41,837 [main] INFO morning24_Coverfox - Clicking on gender
2025-05-15 19:48:42,501 [main] INFO morning24_Coverfox - Click on next button
2025-05-15 19:48:44,098 [main] INFO morning24_Coverfox - handles age drop down
2025-05-15 19:48:44,229 [main] INFO morning24_Coverfox - Click on next button in membersdetails page
2025-05-15 19:48:45,311 [main] INFO morning24_Coverfox - enter pincode
2025-05-15 19:48:45,460 [main] INFO morning24_Coverfox - enter mobile no
2025-05-15 19:48:45,636 [main] INFO morning24_Coverfox - click on nextbutton in address details page
2025-05-15 19:48:49,725 [main] INFO morning24_Coverfox - plan number are matching TC is passed 
2025-05-15 19:48:49,891 [main] INFO morning24_Coverfox - Closing the browser
2025-05-15 19:49:10,250 [main] INFO morning24_Coverfox - Welcome to coverfox testing
2025-05-15 19:49:17,589 [main] INFO morning24_Coverfox - opening browser,laiunching url
2025-05-15 19:49:17,603 [main] WARN morning24_Coverfox - Launching browser
2025-05-15 19:49:19,135 [main] INFO morning24_Coverfox - Clicking on gender
2025-05-15 19:49:19,271 [main] INFO morning24_Coverfox - Click on next button
2025-05-15 19:49:21,762 [main] INFO morning24_Coverfox - handles age drop down
2025-05-15 19:49:21,933 [main] INFO morning24_Coverfox - Click on next button in membersdetails page
2025-05-15 19:49:22,997 [main] INFO morning24_Coverfox - enter pincode
2025-05-15 19:49:23,296 [main] INFO morning24_Coverfox - enter mobile no
2025-05-15 19:49:23,627 [main] INFO morning24_Coverfox - click on nextbutton in address details page
2025-05-15 19:49:27,970 [main] INFO morning24_Coverfox - plan number are matching TC is passed 
2025-05-15 19:49:28,572 [main] INFO morning24_Coverfox - Closing the browser
2025-05-17 11:35:10,767 [main] INFO morning24_Coverfox - Welcome to coverfox testing
2025-05-17 11:35:31,328 [main] INFO morning24_Coverfox - opening browser,laiunching url
2025-05-17 11:35:31,347 [main] WARN morning24_Coverfox - Launching browser
2025-05-17 11:35:33,916 [main] INFO morning24_Coverfox - Clicking on gender
2025-05-17 11:35:34,116 [main] INFO morning24_Coverfox - Click on next button
2025-05-17 11:35:37,678 [main] INFO morning24_Coverfox - handles age drop down
2025-05-17 11:35:38,014 [main] INFO morning24_Coverfox - Click on next button in membersdetails page
2025-05-17 11:35:38,670 [main] INFO morning24_Coverfox - enter pincode
2025-05-17 11:35:38,874 [main] INFO morning24_Coverfox - enter mobile no
2025-05-17 11:35:39,029 [main] INFO morning24_Coverfox - click on nextbutton in address details page
2025-05-17 11:35:43,180 [main] INFO morning24_Coverfox - plan number are matching TC is passed 
2025-05-17 11:35:43,409 [main] INFO morning24_Coverfox - Closing the browser
2025-05-17 11:36:02,529 [main] INFO morning24_Coverfox - Welcome to coverfox testing
2025-05-17 11:36:08,097 [main] INFO morning24_Coverfox - opening browser,laiunching url
2025-05-17 11:36:08,117 [main] WARN morning24_Coverfox - Launching browser
2025-05-17 11:36:14,717 [main] INFO morning24_Coverfox - Clicking on gender
2025-05-17 11:36:15,209 [main] INFO morning24_Coverfox - Click on next button
2025-05-17 11:36:18,185 [main] INFO morning24_Coverfox - handles age drop down
2025-05-17 11:36:19,049 [main] INFO morning24_Coverfox - Click on next button in membersdetails page
2025-05-17 11:36:19,633 [main] INFO morning24_Coverfox - enter pincode
2025-05-17 11:36:19,905 [main] INFO morning24_Coverfox - enter mobile no
2025-05-17 11:36:20,371 [main] INFO morning24_Coverfox - click on nextbutton in address details page
2025-05-17 11:36:24,491 [main] INFO morning24_Coverfox - plan number are matching TC is passed 
2025-05-17 11:36:24,707 [main] INFO morning24_Coverfox - Closing the browser
2025-05-17 15:57:02,129 [main] INFO morning24_Coverfox - Welcome to coverfox testing
2025-05-17 15:57:21,910 [main] INFO morning24_Coverfox - opening browser,laiunching url
2025-05-17 15:57:21,923 [main] WARN morning24_Coverfox - Launching browser
2025-05-17 15:57:24,993 [main] INFO morning24_Coverfox - Clicking on gender
2025-05-17 15:57:25,276 [main] INFO morning24_Coverfox - Click on next button
2025-05-17 15:57:27,181 [main] INFO morning24_Coverfox - handles age drop down
2025-05-17 15:57:27,318 [main] INFO morning24_Coverfox - Click on next button in membersdetails page
2025-05-17 15:57:28,025 [main] INFO morning24_Coverfox - enter pincode
2025-05-17 15:57:28,264 [main] INFO morning24_Coverfox - enter mobile no
2025-05-17 15:57:28,519 [main] INFO morning24_Coverfox - click on nextbutton in address details page
2025-05-17 15:57:32,680 [main] INFO morning24_Coverfox - plan number are matching TC is passed 
2025-05-17 15:57:32,919 [main] INFO morning24_Coverfox - Closing the browser
2025-05-17 15:58:02,479 [main] INFO morning24_Coverfox - Welcome to coverfox testing
2025-05-17 15:58:11,093 [main] INFO morning24_Coverfox - opening browser,laiunching url
2025-05-17 15:58:11,106 [main] WARN morning24_Coverfox - Launching browser
2025-05-17 15:58:13,256 [main] INFO morning24_Coverfox - Clicking on gender
2025-05-17 15:58:13,787 [main] INFO morning24_Coverfox - Click on next button
2025-05-17 15:58:16,719 [main] INFO morning24_Coverfox - handles age drop down
2025-05-17 15:58:16,889 [main] INFO morning24_Coverfox - Click on next button in membersdetails page
2025-05-17 15:58:17,522 [main] INFO morning24_Coverfox - enter pincode
2025-05-17 15:58:17,738 [main] INFO morning24_Coverfox - enter mobile no
2025-05-17 15:58:17,909 [main] INFO morning24_Coverfox - click on nextbutton in address details page
2025-05-17 15:58:22,075 [main] INFO morning24_Coverfox - plan number are matching TC is passed 
2025-05-17 15:58:22,315 [main] INFO morning24_Coverfox - Closing the browser
2025-05-17 21:35:52,723 [main] INFO morning24_Coverfox - Welcome to coverfox testing
2025-05-17 21:36:17,864 [main] INFO morning24_Coverfox - opening browser,laiunching url
2025-05-17 21:36:17,876 [main] WARN morning24_Coverfox - Launching browser
2025-05-17 21:36:18,830 [main] INFO morning24_Coverfox - Clicking on gender
2025-05-17 21:36:19,454 [main] INFO morning24_Coverfox - Click on next button
2025-05-17 21:36:21,745 [main] INFO morning24_Coverfox - handles age drop down
2025-05-17 21:36:22,873 [main] INFO morning24_Coverfox - Click on next button in membersdetails page
2025-05-17 21:36:24,157 [main] INFO morning24_Coverfox - enter pincode
2025-05-17 21:36:24,376 [main] INFO morning24_Coverfox - enter mobile no
2025-05-17 21:36:24,534 [main] INFO morning24_Coverfox - click on nextbutton in address details page
2025-05-17 21:36:28,640 [main] INFO morning24_Coverfox - plan number are matching TC is passed 
2025-05-17 21:36:28,874 [main] INFO morning24_Coverfox - Closing the browser
2025-05-17 21:36:46,591 [main] INFO morning24_Coverfox - Welcome to coverfox testing
2025-05-17 21:36:55,756 [main] INFO morning24_Coverfox - opening browser,laiunching url
2025-05-17 21:36:55,771 [main] WARN morning24_Coverfox - Launching browser
2025-05-17 21:36:57,224 [main] INFO morning24_Coverfox - Clicking on gender
2025-05-17 21:36:57,362 [main] INFO morning24_Coverfox - Click on next button
2025-05-17 21:37:00,034 [main] INFO morning24_Coverfox - handles age drop down
2025-05-17 21:37:00,223 [main] INFO morning24_Coverfox - Click on next button in membersdetails page
2025-05-17 21:37:01,142 [main] INFO morning24_Coverfox - enter pincode
2025-05-17 21:37:01,392 [main] INFO morning24_Coverfox - enter mobile no
2025-05-17 21:37:01,606 [main] INFO morning24_Coverfox - click on nextbutton in address details page
2025-05-17 21:37:05,723 [main] INFO morning24_Coverfox - plan number are matching TC is passed 
2025-05-17 21:37:05,937 [main] INFO morning24_Coverfox - Closing the browser
2025-05-23 22:13:05,043 [main] INFO morning24_Coverfox - Welcome to coverfox testing
2025-05-23 22:13:31,149 [main] INFO morning24_Coverfox - opening browser,laiunching url
2025-05-23 22:13:31,169 [main] WARN morning24_Coverfox - Launching browser
2025-05-23 22:13:32,084 [main] INFO morning24_Coverfox - Clicking on gender
2025-05-23 22:13:32,696 [main] INFO morning24_Coverfox - Click on next button
2025-05-23 22:13:34,776 [main] INFO morning24_Coverfox - handles age drop down
2025-05-23 22:13:34,918 [main] INFO morning24_Coverfox - Click on next button in membersdetails page
2025-05-23 22:13:35,563 [main] INFO morning24_Coverfox - enter pincode
2025-05-23 22:13:35,709 [main] INFO morning24_Coverfox - enter mobile no
2025-05-23 22:13:35,825 [main] INFO morning24_Coverfox - click on nextbutton in address details page
2025-05-23 22:13:40,225 [main] INFO morning24_Coverfox - plan number are matching TC is passed 
2025-05-23 22:13:40,419 [main] INFO morning24_Coverfox - Closing the browser
2025-05-23 22:16:03,948 [main] INFO morning24_Coverfox - Welcome to coverfox testing
2025-05-23 22:16:21,665 [main] INFO morning24_Coverfox - opening browser,laiunching url
2025-05-23 22:16:21,688 [main] WARN morning24_Coverfox - Launching browser
2025-05-23 22:16:23,196 [main] INFO morning24_Coverfox - Clicking on gender
2025-05-23 22:16:23,588 [main] INFO morning24_Coverfox - Click on next button
2025-05-23 22:16:25,348 [main] INFO morning24_Coverfox - handles age drop down
2025-05-23 22:16:25,658 [main] INFO morning24_Coverfox - Click on next button in membersdetails page
2025-05-23 22:16:26,295 [main] INFO morning24_Coverfox - enter pincode
2025-05-23 22:16:26,452 [main] INFO morning24_Coverfox - enter mobile no
2025-05-23 22:16:26,596 [main] INFO morning24_Coverfox - click on nextbutton in address details page
2025-05-23 22:16:30,692 [main] INFO morning24_Coverfox - plan number are matching TC is passed 
2025-05-23 22:16:30,885 [main] INFO morning24_Coverfox - Closing the browser
2025-05-23 22:16:49,471 [main] INFO morning24_Coverfox - Welcome to coverfox testing
2025-05-23 22:17:05,705 [main] INFO morning24_Coverfox - opening browser,laiunching url
2025-05-23 22:17:05,712 [main] WARN morning24_Coverfox - Launching browser
2025-05-23 22:17:06,994 [main] INFO morning24_Coverfox - Clicking on gender
2025-05-23 22:17:08,525 [main] INFO morning24_Coverfox - Click on next button
2025-05-23 22:17:10,363 [main] INFO morning24_Coverfox - handles age drop down
2025-05-23 22:17:10,477 [main] INFO morning24_Coverfox - Click on next button in membersdetails page
2025-05-23 22:17:11,137 [main] INFO morning24_Coverfox - enter pincode
2025-05-23 22:17:11,333 [main] INFO morning24_Coverfox - enter mobile no
2025-05-23 22:17:11,500 [main] INFO morning24_Coverfox - click on nextbutton in address details page
2025-05-23 22:17:15,587 [main] INFO morning24_Coverfox - plan number are matching TC is passed 
2025-05-23 22:17:15,810 [main] INFO morning24_Coverfox - Closing the browser
