2025-05-10 13:31:00,301 - morning24_Coverfox -INFO - Welcome to coverfox testing
2025-05-10 13:31:15,553 - morning24_Coverfox -WARN - Launching browser
2025-05-10 13:31:20,721 - morning24_Coverfox -INFO - Clicking on gender
2025-05-10 13:31:21,423 - morning24_Coverfox -INFO - Click on next button
2025-05-10 13:31:24,297 - morning24_Coverfox -INFO - chandles age drop down
2025-05-10 13:31:24,427 - morning24_Coverfox -INFO - Click on next button in membersdetails page
2025-05-10 13:31:24,911 - morning24_Coverfox -INFO - enter pincode
2025-05-10 13:31:25,033 - morning24_Coverfox -INFO - enter mobile no
2025-05-10 13:31:25,152 - morning24_Coverfox -INFO - click on nextbutton in address details page
2025-05-10 13:32:48,794 - morning24_Coverfox -INFO - Welcome to coverfox testing
2025-05-10 13:33:01,469 - morning24_Coverfox -WARN - Launching browser
2025-05-10 13:33:07,965 - morning24_Coverfox -INFO - Clicking on gender
2025-05-10 13:33:08,109 - morning24_Coverfox -INFO - Click on next button
2025-05-10 13:33:10,423 - morning24_Coverfox -INFO - chandles age drop down
2025-05-10 13:33:10,534 - morning24_Coverfox -INFO - Click on next button in membersdetails page
2025-05-10 13:33:11,032 - morning24_Coverfox -INFO - enter pincode
2025-05-10 13:33:11,162 - morning24_Coverfox -INFO - enter mobile no
2025-05-10 13:33:11,323 - morning24_Coverfox -INFO - click on nextbutton in address details page
2025-05-10 13:33:44,343 - morning24_Coverfox -INFO - Welcome to coverfox testing
2025-05-10 13:33:51,012 - morning24_Coverfox -WARN - Launching browser
2025-05-10 13:33:52,996 - morning24_Coverfox -INFO - Clicking on gender
2025-05-10 13:33:53,087 - morning24_Coverfox -INFO - Click on next button
2025-05-10 13:33:54,757 - morning24_Coverfox -INFO - chandles age drop down
2025-05-10 13:33:54,856 - morning24_Coverfox -INFO - Click on next button in membersdetails page
2025-05-10 13:33:55,572 - morning24_Coverfox -INFO - enter pincode
2025-05-10 13:33:55,742 - morning24_Coverfox -INFO - enter mobile no
2025-05-10 13:33:55,857 - morning24_Coverfox -INFO - click on nextbutton in address details page
2025-05-10 13:34:24,603 - morning24_Coverfox -INFO - Welcome to coverfox testing
2025-05-10 13:34:33,542 - morning24_Coverfox -WARN - Launching browser
2025-05-10 13:34:36,603 - morning24_Coverfox -INFO - Clicking on gender
2025-05-10 13:34:36,725 - morning24_Coverfox -INFO - Click on next button
2025-05-10 13:34:38,422 - morning24_Coverfox -INFO - chandles age drop down
2025-05-10 13:34:39,017 - morning24_Coverfox -INFO - Click on next button in membersdetails page
2025-05-10 13:34:39,811 - morning24_Coverfox -INFO - enter pincode
2025-05-10 13:34:39,968 - morning24_Coverfox -INFO - enter mobile no
2025-05-10 13:34:40,081 - morning24_Coverfox -INFO - click on nextbutton in address details page
2025-05-10 13:50:37,341 - morning24_Coverfox -INFO - Welcome to coverfox testing
2025-05-10 13:53:36,915 - morning24_Coverfox -INFO - Welcome to coverfox testing
2025-05-10 13:54:11,906 - morning24_Coverfox -INFO - Welcome to coverfox testing
2025-05-10 13:54:20,426 - morning24_Coverfox -WARN - Launching browser
2025-05-10 13:54:22,477 - morning24_Coverfox -INFO - Clicking on gender
2025-05-10 13:54:22,926 - morning24_Coverfox -INFO - Click on next button
2025-05-10 13:54:26,975 - morning24_Coverfox -INFO - handles age drop down
2025-05-10 13:54:27,223 - morning24_Coverfox -INFO - Click on next button in membersdetails page
2025-05-10 13:54:27,894 - morning24_Coverfox -INFO - enter pincode
2025-05-10 13:54:28,070 - morning24_Coverfox -INFO - enter mobile no
2025-05-10 13:54:28,208 - morning24_Coverfox -INFO - click on nextbutton in address details page
2025-05-10 14:42:05,062 - morning24_Coverfox -INFO - Welcome to coverfox testing
2025-05-10 14:49:45,657 - morning24_Coverfox -INFO - Welcome to coverfox testing
2025-05-10 14:51:32,823 - morning24_Coverfox -INFO - Welcome to coverfox testing
2025-05-10 14:55:18,699 - morning24_Coverfox -INFO - Welcome to coverfox testing
2025-05-10 15:03:11,993 - morning24_Coverfox -INFO - Welcome to coverfox testing
2025-05-10 15:07:42,736 - morning24_Coverfox -INFO - Welcome to coverfox testing
2025-05-10 15:07:57,953 - morning24_Coverfox -INFO - opening browser,laiunching url
2025-05-10 15:08:27,487 - morning24_Coverfox -INFO - Welcome to coverfox testing
2025-05-10 15:08:43,121 - morning24_Coverfox -INFO - opening browser,laiunching url
2025-05-10 15:08:43,136 - morning24_Coverfox -WARN - Launching browser
2025-05-10 15:08:45,209 - morning24_Coverfox -INFO - Clicking on gender
2025-05-10 15:08:46,760 - morning24_Coverfox -INFO - Click on next button
2025-05-10 15:08:49,189 - morning24_Coverfox -INFO - handles age drop down
2025-05-10 15:08:49,411 - morning24_Coverfox -INFO - Click on next button in membersdetails page
2025-05-10 15:08:50,267 - morning24_Coverfox -INFO - enter pincode
2025-05-10 15:08:50,515 - morning24_Coverfox -INFO - enter mobile no
2025-05-10 15:08:50,744 - morning24_Coverfox -INFO - click on nextbutton in address details page
2025-05-10 15:08:54,890 - morning24_Coverfox -INFO - plan number are matching TC is passed 
2025-05-10 15:08:55,139 - morning24_Coverfox -INFO - Closing the browser
2025-05-15 19:22:36,816 - morning24_Coverfox -INFO - Welcome to coverfox testing
2025-05-15 19:22:55,310 - morning24_Coverfox -INFO - opening browser,laiunching url
2025-05-15 19:22:55,315 - morning24_Coverfox -WARN - Launching browser
2025-05-15 19:22:59,269 - morning24_Coverfox -INFO - Clicking on gender
2025-05-15 19:22:59,488 - morning24_Coverfox -INFO - Click on next button
2025-05-15 19:23:00,867 - morning24_Coverfox -INFO - handles age drop down
2025-05-15 19:23:00,971 - morning24_Coverfox -INFO - Click on next button in membersdetails page
2025-05-15 19:23:01,493 - morning24_Coverfox -INFO - enter pincode
2025-05-15 19:23:01,621 - morning24_Coverfox -INFO - enter mobile no
2025-05-15 19:23:01,774 - morning24_Coverfox -INFO - click on nextbutton in address details page
2025-05-15 19:23:05,879 - morning24_Coverfox -INFO - plan number are matching TC is passed 
2025-05-15 19:23:06,052 - morning24_Coverfox -INFO - Closing the browser
2025-05-15 19:23:25,587 - morning24_Coverfox -INFO - Welcome to coverfox testing
2025-05-15 19:23:31,983 - morning24_Coverfox -INFO - opening browser,laiunching url
2025-05-15 19:23:31,990 - morning24_Coverfox -WARN - Launching browser
2025-05-15 19:23:38,965 - morning24_Coverfox -INFO - Clicking on gender
2025-05-15 19:23:39,150 - morning24_Coverfox -INFO - Click on next button
2025-05-15 19:23:40,417 - morning24_Coverfox -INFO - handles age drop down
2025-05-15 19:23:40,507 - morning24_Coverfox -INFO - Click on next button in membersdetails page
2025-05-15 19:23:41,023 - morning24_Coverfox -INFO - enter pincode
2025-05-15 19:23:41,170 - morning24_Coverfox -INFO - enter mobile no
2025-05-15 19:23:41,343 - morning24_Coverfox -INFO - click on nextbutton in address details page
2025-05-15 19:23:45,426 - morning24_Coverfox -INFO - plan number are matching TC is passed 
2025-05-15 19:23:45,618 - morning24_Coverfox -INFO - Closing the browser
2025-05-15 19:45:44,882 - morning24_Coverfox -INFO - Welcome to coverfox testing
2025-05-15 19:45:57,130 - morning24_Coverfox -INFO - opening browser,laiunching url
2025-05-15 19:45:57,142 - morning24_Coverfox -WARN - Launching browser
2025-05-15 19:45:58,614 - morning24_Coverfox -INFO - Clicking on gender
2025-05-15 19:45:59,055 - morning24_Coverfox -INFO - Click on next button
2025-05-15 19:46:01,831 - morning24_Coverfox -INFO - handles age drop down
2025-05-15 19:46:01,975 - morning24_Coverfox -INFO - Click on next button in membersdetails page
2025-05-15 19:46:03,109 - morning24_Coverfox -INFO - enter pincode
2025-05-15 19:46:03,346 - morning24_Coverfox -INFO - enter mobile no
2025-05-15 19:46:03,502 - morning24_Coverfox -INFO - click on nextbutton in address details page
2025-05-15 19:46:07,596 - morning24_Coverfox -INFO - plan number are matching TC is passed 
2025-05-15 19:46:08,315 - morning24_Coverfox -INFO - Closing the browser
2025-05-15 19:47:11,389 - morning24_Coverfox -INFO - Welcome to coverfox testing
2025-05-15 19:47:20,756 - morning24_Coverfox -INFO - opening browser,laiunching url
2025-05-15 19:47:20,767 - morning24_Coverfox -WARN - Launching browser
2025-05-15 19:47:22,170 - morning24_Coverfox -INFO - Clicking on gender
2025-05-15 19:47:22,480 - morning24_Coverfox -INFO - Click on next button
2025-05-15 19:47:25,373 - morning24_Coverfox -INFO - handles age drop down
2025-05-15 19:47:25,575 - morning24_Coverfox -INFO - Click on next button in membersdetails page
2025-05-15 19:47:26,402 - morning24_Coverfox -INFO - enter pincode
2025-05-15 19:47:26,587 - morning24_Coverfox -INFO - enter mobile no
2025-05-15 19:47:27,327 - morning24_Coverfox -INFO - click on nextbutton in address details page
2025-05-15 19:47:31,481 - morning24_Coverfox -INFO - plan number are matching TC is passed 
2025-05-15 19:47:31,685 - morning24_Coverfox -INFO - Closing the browser
2025-05-15 19:48:30,565 - morning24_Coverfox -INFO - Welcome to coverfox testing
2025-05-15 19:48:40,798 - morning24_Coverfox -INFO - opening browser,laiunching url
2025-05-15 19:48:40,807 - morning24_Coverfox -WARN - Launching browser
2025-05-15 19:48:41,837 - morning24_Coverfox -INFO - Clicking on gender
2025-05-15 19:48:42,501 - morning24_Coverfox -INFO - Click on next button
2025-05-15 19:48:44,098 - morning24_Coverfox -INFO - handles age drop down
2025-05-15 19:48:44,229 - morning24_Coverfox -INFO - Click on next button in membersdetails page
2025-05-15 19:48:45,311 - morning24_Coverfox -INFO - enter pincode
2025-05-15 19:48:45,460 - morning24_Coverfox -INFO - enter mobile no
2025-05-15 19:48:45,636 - morning24_Coverfox -INFO - click on nextbutton in address details page
2025-05-15 19:48:49,725 - morning24_Coverfox -INFO - plan number are matching TC is passed 
2025-05-15 19:48:49,891 - morning24_Coverfox -INFO - Closing the browser
2025-05-15 19:49:10,250 - morning24_Coverfox -INFO - Welcome to coverfox testing
2025-05-15 19:49:17,589 - morning24_Coverfox -INFO - opening browser,laiunching url
2025-05-15 19:49:17,603 - morning24_Coverfox -WARN - Launching browser
2025-05-15 19:49:19,135 - morning24_Coverfox -INFO - Clicking on gender
2025-05-15 19:49:19,271 - morning24_Coverfox -INFO - Click on next button
2025-05-15 19:49:21,762 - morning24_Coverfox -INFO - handles age drop down
2025-05-15 19:49:21,933 - morning24_Coverfox -INFO - Click on next button in membersdetails page
2025-05-15 19:49:22,997 - morning24_Coverfox -INFO - enter pincode
2025-05-15 19:49:23,296 - morning24_Coverfox -INFO - enter mobile no
2025-05-15 19:49:23,627 - morning24_Coverfox -INFO - click on nextbutton in address details page
2025-05-15 19:49:27,970 - morning24_Coverfox -INFO - plan number are matching TC is passed 
2025-05-15 19:49:28,572 - morning24_Coverfox -INFO - Closing the browser
2025-05-17 11:35:10,767 - morning24_Coverfox -INFO - Welcome to coverfox testing
2025-05-17 11:35:31,328 - morning24_Coverfox -INFO - opening browser,laiunching url
2025-05-17 11:35:31,347 - morning24_Coverfox -WARN - Launching browser
2025-05-17 11:35:33,916 - morning24_Coverfox -INFO - Clicking on gender
2025-05-17 11:35:34,116 - morning24_Coverfox -INFO - Click on next button
2025-05-17 11:35:37,678 - morning24_Coverfox -INFO - handles age drop down
2025-05-17 11:35:38,014 - morning24_Coverfox -INFO - Click on next button in membersdetails page
2025-05-17 11:35:38,670 - morning24_Coverfox -INFO - enter pincode
2025-05-17 11:35:38,874 - morning24_Coverfox -INFO - enter mobile no
2025-05-17 11:35:39,029 - morning24_Coverfox -INFO - click on nextbutton in address details page
2025-05-17 11:35:43,180 - morning24_Coverfox -INFO - plan number are matching TC is passed 
2025-05-17 11:35:43,409 - morning24_Coverfox -INFO - Closing the browser
2025-05-17 11:36:02,529 - morning24_Coverfox -INFO - Welcome to coverfox testing
2025-05-17 11:36:08,097 - morning24_Coverfox -INFO - opening browser,laiunching url
2025-05-17 11:36:08,117 - morning24_Coverfox -WARN - Launching browser
2025-05-17 11:36:14,717 - morning24_Coverfox -INFO - Clicking on gender
2025-05-17 11:36:15,209 - morning24_Coverfox -INFO - Click on next button
2025-05-17 11:36:18,185 - morning24_Coverfox -INFO - handles age drop down
2025-05-17 11:36:19,049 - morning24_Coverfox -INFO - Click on next button in membersdetails page
2025-05-17 11:36:19,633 - morning24_Coverfox -INFO - enter pincode
2025-05-17 11:36:19,905 - morning24_Coverfox -INFO - enter mobile no
2025-05-17 11:36:20,371 - morning24_Coverfox -INFO - click on nextbutton in address details page
2025-05-17 11:36:24,491 - morning24_Coverfox -INFO - plan number are matching TC is passed 
2025-05-17 11:36:24,707 - morning24_Coverfox -INFO - Closing the browser
2025-05-17 15:57:02,129 - morning24_Coverfox -INFO - Welcome to coverfox testing
2025-05-17 15:57:21,910 - morning24_Coverfox -INFO - opening browser,laiunching url
2025-05-17 15:57:21,923 - morning24_Coverfox -WARN - Launching browser
2025-05-17 15:57:24,993 - morning24_Coverfox -INFO - Clicking on gender
2025-05-17 15:57:25,276 - morning24_Coverfox -INFO - Click on next button
2025-05-17 15:57:27,181 - morning24_Coverfox -INFO - handles age drop down
2025-05-17 15:57:27,318 - morning24_Coverfox -INFO - Click on next button in membersdetails page
2025-05-17 15:57:28,025 - morning24_Coverfox -INFO - enter pincode
2025-05-17 15:57:28,264 - morning24_Coverfox -INFO - enter mobile no
2025-05-17 15:57:28,519 - morning24_Coverfox -INFO - click on nextbutton in address details page
2025-05-17 15:57:32,680 - morning24_Coverfox -INFO - plan number are matching TC is passed 
2025-05-17 15:57:32,919 - morning24_Coverfox -INFO - Closing the browser
2025-05-17 15:58:02,479 - morning24_Coverfox -INFO - Welcome to coverfox testing
2025-05-17 15:58:11,093 - morning24_Coverfox -INFO - opening browser,laiunching url
2025-05-17 15:58:11,106 - morning24_Coverfox -WARN - Launching browser
2025-05-17 15:58:13,256 - morning24_Coverfox -INFO - Clicking on gender
2025-05-17 15:58:13,787 - morning24_Coverfox -INFO - Click on next button
2025-05-17 15:58:16,719 - morning24_Coverfox -INFO - handles age drop down
2025-05-17 15:58:16,889 - morning24_Coverfox -INFO - Click on next button in membersdetails page
2025-05-17 15:58:17,522 - morning24_Coverfox -INFO - enter pincode
2025-05-17 15:58:17,738 - morning24_Coverfox -INFO - enter mobile no
2025-05-17 15:58:17,909 - morning24_Coverfox -INFO - click on nextbutton in address details page
2025-05-17 15:58:22,075 - morning24_Coverfox -INFO - plan number are matching TC is passed 
2025-05-17 15:58:22,315 - morning24_Coverfox -INFO - Closing the browser
2025-05-17 21:35:52,723 - morning24_Coverfox -INFO - Welcome to coverfox testing
2025-05-17 21:36:17,864 - morning24_Coverfox -INFO - opening browser,laiunching url
2025-05-17 21:36:17,876 - morning24_Coverfox -WARN - Launching browser
2025-05-17 21:36:18,830 - morning24_Coverfox -INFO - Clicking on gender
2025-05-17 21:36:19,454 - morning24_Coverfox -INFO - Click on next button
2025-05-17 21:36:21,745 - morning24_Coverfox -INFO - handles age drop down
2025-05-17 21:36:22,873 - morning24_Coverfox -INFO - Click on next button in membersdetails page
2025-05-17 21:36:24,157 - morning24_Coverfox -INFO - enter pincode
2025-05-17 21:36:24,376 - morning24_Coverfox -INFO - enter mobile no
2025-05-17 21:36:24,534 - morning24_Coverfox -INFO - click on nextbutton in address details page
2025-05-17 21:36:28,640 - morning24_Coverfox -INFO - plan number are matching TC is passed 
2025-05-17 21:36:28,874 - morning24_Coverfox -INFO - Closing the browser
2025-05-17 21:36:46,591 - morning24_Coverfox -INFO - Welcome to coverfox testing
2025-05-17 21:36:55,756 - morning24_Coverfox -INFO - opening browser,laiunching url
2025-05-17 21:36:55,771 - morning24_Coverfox -WARN - Launching browser
2025-05-17 21:36:57,224 - morning24_Coverfox -INFO - Clicking on gender
2025-05-17 21:36:57,362 - morning24_Coverfox -INFO - Click on next button
2025-05-17 21:37:00,034 - morning24_Coverfox -INFO - handles age drop down
2025-05-17 21:37:00,223 - morning24_Coverfox -INFO - Click on next button in membersdetails page
2025-05-17 21:37:01,142 - morning24_Coverfox -INFO - enter pincode
2025-05-17 21:37:01,392 - morning24_Coverfox -INFO - enter mobile no
2025-05-17 21:37:01,606 - morning24_Coverfox -INFO - click on nextbutton in address details page
2025-05-17 21:37:05,723 - morning24_Coverfox -INFO - plan number are matching TC is passed 
2025-05-17 21:37:05,937 - morning24_Coverfox -INFO - Closing the browser
2025-05-23 22:13:05,043 - morning24_Coverfox -INFO - Welcome to coverfox testing
2025-05-23 22:13:31,149 - morning24_Coverfox -INFO - opening browser,laiunching url
2025-05-23 22:13:31,169 - morning24_Coverfox -WARN - Launching browser
2025-05-23 22:13:32,084 - morning24_Coverfox -INFO - Clicking on gender
2025-05-23 22:13:32,696 - morning24_Coverfox -INFO - Click on next button
2025-05-23 22:13:34,776 - morning24_Coverfox -INFO - handles age drop down
2025-05-23 22:13:34,918 - morning24_Coverfox -INFO - Click on next button in membersdetails page
2025-05-23 22:13:35,563 - morning24_Coverfox -INFO - enter pincode
2025-05-23 22:13:35,709 - morning24_Coverfox -INFO - enter mobile no
2025-05-23 22:13:35,825 - morning24_Coverfox -INFO - click on nextbutton in address details page
2025-05-23 22:13:40,225 - morning24_Coverfox -INFO - plan number are matching TC is passed 
2025-05-23 22:13:40,419 - morning24_Coverfox -INFO - Closing the browser
2025-05-23 22:16:03,948 - morning24_Coverfox -INFO - Welcome to coverfox testing
2025-05-23 22:16:21,665 - morning24_Coverfox -INFO - opening browser,laiunching url
2025-05-23 22:16:21,688 - morning24_Coverfox -WARN - Launching browser
2025-05-23 22:16:23,196 - morning24_Coverfox -INFO - Clicking on gender
2025-05-23 22:16:23,588 - morning24_Coverfox -INFO - Click on next button
2025-05-23 22:16:25,348 - morning24_Coverfox -INFO - handles age drop down
2025-05-23 22:16:25,658 - morning24_Coverfox -INFO - Click on next button in membersdetails page
2025-05-23 22:16:26,295 - morning24_Coverfox -INFO - enter pincode
2025-05-23 22:16:26,452 - morning24_Coverfox -INFO - enter mobile no
2025-05-23 22:16:26,596 - morning24_Coverfox -INFO - click on nextbutton in address details page
2025-05-23 22:16:30,692 - morning24_Coverfox -INFO - plan number are matching TC is passed 
2025-05-23 22:16:30,885 - morning24_Coverfox -INFO - Closing the browser
2025-05-23 22:16:49,471 - morning24_Coverfox -INFO - Welcome to coverfox testing
2025-05-23 22:17:05,705 - morning24_Coverfox -INFO - opening browser,laiunching url
2025-05-23 22:17:05,712 - morning24_Coverfox -WARN - Launching browser
2025-05-23 22:17:06,994 - morning24_Coverfox -INFO - Clicking on gender
2025-05-23 22:17:08,525 - morning24_Coverfox -INFO - Click on next button
2025-05-23 22:17:10,363 - morning24_Coverfox -INFO - handles age drop down
2025-05-23 22:17:10,477 - morning24_Coverfox -INFO - Click on next button in membersdetails page
2025-05-23 22:17:11,137 - morning24_Coverfox -INFO - enter pincode
2025-05-23 22:17:11,333 - morning24_Coverfox -INFO - enter mobile no
2025-05-23 22:17:11,500 - morning24_Coverfox -INFO - click on nextbutton in address details page
2025-05-23 22:17:15,587 - morning24_Coverfox -INFO - plan number are matching TC is passed 
2025-05-23 22:17:15,810 - morning24_Coverfox -INFO - Closing the browser
